<?xml version="1.0" encoding="UTF-8"?>
<testng-results ignored="0" total="1" passed="1" failed="0" skipped="0">
  <reporter-output>
  </reporter-output>
  <suite started-at="2022-12-17T18:19:36 IST" name="Default suite" finished-at="2022-12-17T18:19:36 IST" duration-ms="63">
    <groups>
    </groups>
    <test started-at="2022-12-17T18:19:36 IST" name="Default test" finished-at="2022-12-17T18:19:36 IST" duration-ms="63">
      <class name="StepDefinition.TestRunner">
        <test-method signature="abc()[pri:0, instance:StepDefinition.TestRunner@16d04d3d]" started-at="2022-12-17T18:19:36 IST" name="abc" finished-at="2022-12-17T18:19:36 IST" duration-ms="11" status="PASS">
          <reporter-output>
          </reporter-output>
        </test-method> <!-- abc -->
      </class> <!-- StepDefinition.TestRunner -->
    </test> <!-- Default test -->
  </suite> <!-- Default suite -->
</testng-results>
